# JRE version: OpenJDK Runtime Environment (8.0_191-b12) (build 1.8.0_191-8u191-b12-2ubuntu0.16.04.1-b12)
# Java VM: OpenJDK 64-Bit Server VM (25.191-b12 mixed mode linux-amd64 compressed oops)
Heap:
 PSYoungGen      total 196608K, used 58830K [0x00000000ec000000, 0x0000000100000000, 0x0000000100000000)
  eden space 116736K, 0% used [0x00000000ec000000,0x00000000ec000000,0x00000000f3200000)
  from space 79872K, 73% used [0x00000000faf00000,0x00000000fe873978,0x00000000ffd00000)
  to   space 105472K, 0% used [0x00000000f3200000,0x00000000f3200000,0x00000000f9900000)
 ParOldGen       total 205824K, used 205450K [0x00000000c4000000, 0x00000000d0900000, 0x00000000ec000000)
  object space 205824K, 99% used [0x00000000c4000000,0x00000000d08a29f8,0x00000000d0900000)
 Metaspace       used 3179K, capacity 4780K, committed 5120K, reserved 1056768K
  class space    used 315K, capacity 424K, committed 512K, reserved 1048576K
GC Heap History (10 events):
Event: 15.616 GC heap after
Heap after GC invocations=9 (full 2):
 PSYoungGen      total 119808K, used 33280K [0x00000000ec000000, 0x00000000faa80000, 0x0000000100000000)
  eden space 86528K, 0% used [0x00000000ec000000,0x00000000ec000000,0x00000000f1480000)
  from space 33280K, 100% used [0x00000000f1480000,0x00000000f3500000,0x00000000f3500000)
  to   space 55296K, 0% used [0x00000000f7480000,0x00000000f7480000,0x00000000faa80000)
 ParOldGen       total 125440K, used 95275K [0x00000000c4000000, 0x00000000cba80000, 0x00000000ec000000)
  object space 125440K, 75% used [0x00000000c4000000,0x00000000c9d0ac80,0x00000000cba80000)
 Metaspace       used 3123K, capacity 4780K, committed 5120K, reserved 1056768K
  class space    used 308K, capacity 424K, committed 512K, reserved 1048576K
}
Event: 15.616 GC heap before
{Heap before GC invocations=10 (full 3):
 PSYoungGen      total 119808K, used 33280K [0x00000000ec000000, 0x00000000faa80000, 0x0000000100000000)
  eden space 86528K, 0% used [0x00000000ec000000,0x00000000ec000000,0x00000000f1480000)
  from space 33280K, 100% used [0x00000000f1480000,0x00000000f3500000,0x00000000f3500000)
  to   space 55296K, 0% used [0x00000000f7480000,0x00000000f7480000,0x00000000faa80000)
 ParOldGen       total 125440K, used 95275K [0x00000000c4000000, 0x00000000cba80000, 0x00000000ec000000)
  object space 125440K, 75% used [0x00000000c4000000,0x00000000c9d0ac80,0x00000000cba80000)
 Metaspace       used 3123K, capacity 4780K, committed 5120K, reserved 1056768K
  class space    used 308K, capacity 424K, committed 512K, reserved 1048576K
Event: 22.642 GC heap after
Heap after GC invocations=10 (full 3):
 PSYoungGen      total 119808K, used 0K [0x00000000ec000000, 0x00000000faa80000, 0x0000000100000000)
  eden space 86528K, 0% used [0x00000000ec000000,0x00000000ec000000,0x00000000f1480000)
  from space 33280K, 0% used [0x00000000f1480000,0x00000000f1480000,0x00000000f3500000)
  to   space 55296K, 0% used [0x00000000f7480000,0x00000000f7480000,0x00000000faa80000)
 ParOldGen       total 205824K, used 124266K [0x00000000c4000000, 0x00000000d0900000, 0x00000000ec000000)
  object space 205824K, 60% used [0x00000000c4000000,0x00000000cb95a9f0,0x00000000d0900000)
 Metaspace       used 3123K, capacity 4780K, committed 5120K, reserved 1056768K
  class space    used 308K, capacity 424K, committed 512K, reserved 1048576K
}
Event: 24.904 GC heap before
{Heap before GC invocations=11 (full 3):
 PSYoungGen      total 119808K, used 86528K [0x00000000ec000000, 0x00000000faa80000, 0x0000000100000000)
  eden space 86528K, 100% used [0x00000000ec000000,0x00000000f1480000,0x00000000f1480000)
  from space 33280K, 0% used [0x00000000f1480000,0x00000000f1480000,0x00000000f3500000)
  to   space 55296K, 0% used [0x00000000f7480000,0x00000000f7480000,0x00000000faa80000)
 ParOldGen       total 205824K, used 124266K [0x00000000c4000000, 0x00000000d0900000, 0x00000000ec000000)
  object space 205824K, 60% used [0x00000000c4000000,0x00000000cb95a9f0,0x00000000d0900000)
 Metaspace       used 3123K, capacity 4780K, committed 5120K, reserved 1056768K
  class space    used 308K, capacity 424K, committed 512K, reserved 1048576K
Event: 28.645 GC heap after
Heap after GC invocations=11 (full 3):
 PSYoungGen      total 178688K, used 36352K [0x00000000ec000000, 0x00000000fa900000, 0x0000000100000000)
  eden space 124928K, 0% used [0x00000000ec000000,0x00000000ec000000,0x00000000f3a00000)
  from space 53760K, 67% used [0x00000000f7480000,0x00000000f9800040,0x00000000fa900000)
  to   space 56832K, 0% used [0x00000000f3a00000,0x00000000f3a00000,0x00000000f7180000)
 ParOldGen       total 205824K, used 124266K [0x00000000c4000000, 0x00000000d0900000, 0x00000000ec000000)
  object space 205824K, 60% used [0x00000000c4000000,0x00000000cb95a9f0,0x00000000d0900000)
 Metaspace       used 3123K, capacity 4780K, committed 5120K, reserved 1056768K
  class space    used 308K, capacity 424K, committed 512K, reserved 1048576K
}
Event: 29.942 GC heap before
{Heap before GC invocations=12 (full 3):
 PSYoungGen      total 178688K, used 161280K [0x00000000ec000000, 0x00000000fa900000, 0x0000000100000000)
  eden space 124928K, 100% used [0x00000000ec000000,0x00000000f3a00000,0x00000000f3a00000)
  from space 53760K, 67% used [0x00000000f7480000,0x00000000f9800040,0x00000000fa900000)
  to   space 56832K, 0% used [0x00000000f3a00000,0x00000000f3a00000,0x00000000f7180000)
 ParOldGen       total 205824K, used 124266K [0x00000000c4000000, 0x00000000d0900000, 0x00000000ec000000)
  object space 205824K, 60% used [0x00000000c4000000,0x00000000cb95a9f0,0x00000000d0900000)
 Metaspace       used 3123K, capacity 4780K, committed 5120K, reserved 1056768K
  class space    used 308K, capacity 424K, committed 512K, reserved 1048576K
Event: 35.266 GC heap after
Heap after GC invocations=12 (full 3):
 PSYoungGen      total 181760K, used 56800K [0x00000000ec000000, 0x00000000ffd00000, 0x0000000100000000)
  eden space 124928K, 0% used [0x00000000ec000000,0x00000000ec000000,0x00000000f3a00000)
  from space 56832K, 99% used [0x00000000f3a00000,0x00000000f7178010,0x00000000f7180000)
  to   space 79872K, 0% used [0x00000000faf00000,0x00000000faf00000,0x00000000ffd00000)
 ParOldGen       total 205824K, used 158310K [0x00000000c4000000, 0x00000000d0900000, 0x00000000ec000000)
  object space 205824K, 76% used [0x00000000c4000000,0x00000000cda99ab0,0x00000000d0900000)
 Metaspace       used 3123K, capacity 4780K, committed 5120K, reserved 1056768K
  class space    used 308K, capacity 424K, committed 512K, reserved 1048576K
}
Event: 45.008 GC heap before
{Heap before GC invocations=13 (full 3):
 PSYoungGen      total 181760K, used 181728K [0x00000000ec000000, 0x00000000ffd00000, 0x0000000100000000)
  eden space 124928K, 100% used [0x00000000ec000000,0x00000000f3a00000,0x00000000f3a00000)
  from space 56832K, 99% used [0x00000000f3a00000,0x00000000f7178010,0x00000000f7180000)
  to   space 79872K, 0% used [0x00000000faf00000,0x00000000faf00000,0x00000000ffd00000)
 ParOldGen       total 205824K, used 158310K [0x00000000c4000000, 0x00000000d0900000, 0x00000000ec000000)
  object space 205824K, 76% used [0x00000000c4000000,0x00000000cda99ab0,0x00000000d0900000)
 Metaspace       used 3179K, capacity 4780K, committed 5120K, reserved 1056768K
  class space    used 315K, capacity 424K, committed 512K, reserved 1048576K
Event: 56.674 GC heap after
Heap after GC invocations=13 (full 3):
 PSYoungGen      total 196608K, used 79872K [0x00000000ec000000, 0x0000000100000000, 0x0000000100000000)
  eden space 116736K, 0% used [0x00000000ec000000,0x00000000ec000000,0x00000000f3200000)
  from space 79872K, 100% used [0x00000000faf00000,0x00000000ffd00000,0x00000000ffd00000)
  to   space 105472K, 0% used [0x00000000f3200000,0x00000000f3200000,0x00000000f9900000)
 ParOldGen       total 205824K, used 192467K [0x00000000c4000000, 0x00000000d0900000, 0x00000000ec000000)
  object space 205824K, 93% used [0x00000000c4000000,0x00000000cfbf4fa0,0x00000000d0900000)
 Metaspace       used 3179K, capacity 4780K, committed 5120K, reserved 1056768K
  class space    used 315K, capacity 424K, committed 512K, reserved 1048576K
}
Event: 56.674 GC heap before
{Heap before GC invocations=14 (full 4):
 PSYoungGen      total 196608K, used 79872K [0x00000000ec000000, 0x0000000100000000, 0x0000000100000000)
  eden space 116736K, 0% used [0x00000000ec000000,0x00000000ec000000,0x00000000f3200000)
  from space 79872K, 100% used [0x00000000faf00000,0x00000000ffd00000,0x00000000ffd00000)
  to   space 105472K, 0% used [0x00000000f3200000,0x00000000f3200000,0x00000000f9900000)
 ParOldGen       total 205824K, used 192467K [0x00000000c4000000, 0x00000000d0900000, 0x00000000ec000000)
  object space 205824K, 93% used [0x00000000c4000000,0x00000000cfbf4fa0,0x00000000d0900000)
 Metaspace       used 3179K, capacity 4780K, committed 5120K, reserved 1056768K
  class space    used 315K, capacity 424K, committed 512K, reserved 1048576K

